INFO:  latexindent.pl version 3.24.5, 2025-03-13, a script to indent .tex files
       latexindent.pl lives here: C:/Users/LAPTA/AppData/Roaming/MiKTeX/scripts/latexindent/
       Fri Apr 18 21:44:57 2025
       Filename: e:\downloadsssss\vscodePro\removemelater\uni.tex
INFO:  Processing switches:
INFO:  Directory for backup files and log file indent.log:
       e:\downloadsssss\vscodePro\removemelater
INFO:  Perl modules are being loaded from the following directories:
       E:/Strawberry/perl/lib/FindBin.pm
       E:/Strawberry/perl/vendor/lib/YAML/Tiny.pm
       E:/Strawberry/perl/lib/File/Copy.pm
       E:/Strawberry/perl/lib/File/Basename.pm
       E:/Strawberry/perl/lib/Getopt/Long.pm
       E:/Strawberry/perl/vendor/lib/File/HomeDir.pm
INFO:  LatexIndent perl modules are being loaded from, for example:
       C:/Users/LAPTA/AppData/Roaming/MiKTeX/scripts/latexindent/LatexIndent/Document.pm
INFO:  YAML settings read: defaultSettings.yaml
       Reading defaultSettings.yaml from C:/Users/LAPTA/AppData/Roaming/MiKTeX/scripts/latexindent/defaultSettings.yaml
INFO:  YAML reading settings
       Home directory is C:\Users\LAPTA
       latexindent.pl didn't find indentconfig.yaml or .indentconfig.yaml
       see all possible locations: https://latexindentpl.readthedocs.io/en/latest/sec-appendices.html#indentconfig-options)
INFO:  Phase 1: searching for objects
INFO:  Phase 2: finding surrounding indentation
INFO:  Phase 3: indenting objects
INFO:  Phase 4: final indentation check
INFO:  Output routine:
       Not outputting to file; see -w and -o switches for more options.
       --------------
INFO:  Please direct all communication/issues to:
        https://github.com/cmhughes/latexindent.pl
